HAL_BOARD=HAL_BOARD_ROVERBASEBOARD TOOLCHAIN=ARM EXTRAFLAGS=-DGIT_VERSION="0219c85e"
building /tmp/APMrover2.build/APMrover2.cpp
%% APMrover2.cpp
gawk -v mode=header '  BEGIN { scanning = 1; printing = (mode ~ "header") ? 1 : 0; } { toggles = 1 } (FNR == 1) && printing { printf "#line %d \"%s\"\n", FNR, FILENAME; } /^[[:space:]]*\/\*/,/\*\// { toggles = 0; } /^[[:space:]]*$/ || /^[[:space:]]*\/\/.*/ || /^\#.*$/ { toggles = 0; } scanning && toggles { scanning = 0; printing = !printing; if (printing) { printf "#line %d \"%s\"\n", FNR, FILENAME; } } printing'   /home/mes/Projects/diyrovers/APM/APMrover2/APMrover2.pde /home/mes/Projects/diyrovers/APM/APMrover2/GCS_Mavlink.pde /home/mes/Projects/diyrovers/APM/APMrover2/Log.pde /home/mes/Projects/diyrovers/APM/APMrover2/Parameters.pde /home/mes/Projects/diyrovers/APM/APMrover2/Steering.pde /home/mes/Projects/diyrovers/APM/APMrover2/commands.pde /home/mes/Projects/diyrovers/APM/APMrover2/commands_logic.pde /home/mes/Projects/diyrovers/APM/APMrover2/commands_process.pde /home/mes/Projects/diyrovers/APM/APMrover2/compat.pde /home/mes/Projects/diyrovers/APM/APMrover2/control_modes.pde /home/mes/Projects/diyrovers/APM/APMrover2/events.pde /home/mes/Projects/diyrovers/APM/APMrover2/failsafe.pde /home/mes/Projects/diyrovers/APM/APMrover2/navigation.pde /home/mes/Projects/diyrovers/APM/APMrover2/radio.pde /home/mes/Projects/diyrovers/APM/APMrover2/sensors.pde /home/mes/Projects/diyrovers/APM/APMrover2/setup.pde /home/mes/Projects/diyrovers/APM/APMrover2/system.pde /home/mes/Projects/diyrovers/APM/APMrover2/test.pde >  /tmp/APMrover2.build/APMrover2.cpp
echo "#line 1 \"autogenerated\""                              >> /tmp/APMrover2.build/APMrover2.cpp
gawk                '  BEGIN { RS="{"; type       = "((\\n)|(^))[[:space:]]*[[:alnum:]_]+[[:space:]]+"; qualifiers = "([[:alnum:]_\\*&]+[[:space:]]*)*"; name       = "[[:alnum:]_]+[[:space:]]*"; args       = "\\([[:space:][:alnum:]_,&\\*\\[\\]]*\\)"; bodycuddle = "[[:space:]]*$"; pattern    = type qualifiers name args bodycuddle; } match($0, pattern) { proto = substr($0, RSTART, RLENGTH); gsub("\n", " ", proto); printf "%s;\n", proto; }' /home/mes/Projects/diyrovers/APM/APMrover2/APMrover2.pde /home/mes/Projects/diyrovers/APM/APMrover2/GCS_Mavlink.pde /home/mes/Projects/diyrovers/APM/APMrover2/Log.pde /home/mes/Projects/diyrovers/APM/APMrover2/Parameters.pde /home/mes/Projects/diyrovers/APM/APMrover2/Steering.pde /home/mes/Projects/diyrovers/APM/APMrover2/commands.pde /home/mes/Projects/diyrovers/APM/APMrover2/commands_logic.pde /home/mes/Projects/diyrovers/APM/APMrover2/commands_process.pde /home/mes/Projects/diyrovers/APM/APMrover2/compat.pde /home/mes/Projects/diyrovers/APM/APMrover2/control_modes.pde /home/mes/Projects/diyrovers/APM/APMrover2/events.pde /home/mes/Projects/diyrovers/APM/APMrover2/failsafe.pde /home/mes/Projects/diyrovers/APM/APMrover2/navigation.pde /home/mes/Projects/diyrovers/APM/APMrover2/radio.pde /home/mes/Projects/diyrovers/APM/APMrover2/sensors.pde /home/mes/Projects/diyrovers/APM/APMrover2/setup.pde /home/mes/Projects/diyrovers/APM/APMrover2/system.pde /home/mes/Projects/diyrovers/APM/APMrover2/test.pde >> /tmp/APMrover2.build/APMrover2.cpp
gawk -v mode=body   '  BEGIN { scanning = 1; printing = (mode ~ "header") ? 1 : 0; } { toggles = 1 } (FNR == 1) && printing { printf "#line %d \"%s\"\n", FNR, FILENAME; } /^[[:space:]]*\/\*/,/\*\// { toggles = 0; } /^[[:space:]]*$/ || /^[[:space:]]*\/\/.*/ || /^\#.*$/ { toggles = 0; } scanning && toggles { scanning = 0; printing = !printing; if (printing) { printf "#line %d \"%s\"\n", FNR, FILENAME; } } printing'   /home/mes/Projects/diyrovers/APM/APMrover2/APMrover2.pde /home/mes/Projects/diyrovers/APM/APMrover2/GCS_Mavlink.pde /home/mes/Projects/diyrovers/APM/APMrover2/Log.pde /home/mes/Projects/diyrovers/APM/APMrover2/Parameters.pde /home/mes/Projects/diyrovers/APM/APMrover2/Steering.pde /home/mes/Projects/diyrovers/APM/APMrover2/commands.pde /home/mes/Projects/diyrovers/APM/APMrover2/commands_logic.pde /home/mes/Projects/diyrovers/APM/APMrover2/commands_process.pde /home/mes/Projects/diyrovers/APM/APMrover2/compat.pde /home/mes/Projects/diyrovers/APM/APMrover2/control_modes.pde /home/mes/Projects/diyrovers/APM/APMrover2/events.pde /home/mes/Projects/diyrovers/APM/APMrover2/failsafe.pde /home/mes/Projects/diyrovers/APM/APMrover2/navigation.pde /home/mes/Projects/diyrovers/APM/APMrover2/radio.pde /home/mes/Projects/diyrovers/APM/APMrover2/sensors.pde /home/mes/Projects/diyrovers/APM/APMrover2/setup.pde /home/mes/Projects/diyrovers/APM/APMrover2/system.pde /home/mes/Projects/diyrovers/APM/APMrover2/test.pde >> /tmp/APMrover2.build/APMrover2.cpp
%% APMrover2.o
/usr/local/arm/bin/arm-none-eabi-g++ -g  -DF_CPU=16000000L -DSKETCH=\"APMrover2\" -DGIT_VERSION="\"0219c85e\""  -DCONFIG_HAL_BOARD=HAL_BOARD_ROVERBASEBOARD -Wa,-adhlns=/tmp/APMrover2.build/APMrover2.lst  -Wformat -Wall -Wshadow -Wpointer-arith -Wcast-align -Wwrite-strings -Wformat=2 -Wno-reorder -MD -MT /tmp/APMrover2.build/APMrover2.o -ffunction-sections -fdata-sections -fno-exceptions -fsigned-char -c -o /tmp/APMrover2.build/APMrover2.o /tmp/APMrover2.build/APMrover2.cpp -I/home/mes/Projects/diyrovers/APM/APMrover2 -I/home/mes/Projects/diyrovers/APM/libraries/APM_Control -I/home/mes/Projects/diyrovers/APM/libraries/AP_ADC -I/home/mes/Projects/diyrovers/APM/libraries/AP_ADC_AnalogSource -I/home/mes/Projects/diyrovers/APM/libraries/AP_AHRS -I/home/mes/Projects/diyrovers/APM/libraries/AP_Airspeed -I/home/mes/Projects/diyrovers/APM/libraries/AP_Baro -I/home/mes/Projects/diyrovers/APM/libraries/AP_BattMonitor -I/home/mes/Projects/diyrovers/APM/libraries/AP_Buffer -I/home/mes/Projects/diyrovers/APM/libraries/AP_Camera -I/home/mes/Projects/diyrovers/APM/libraries/AP_Common -I/home/mes/Projects/diyrovers/APM/libraries/AP_Compass -I/home/mes/Projects/diyrovers/APM/libraries/AP_Declination -I/home/mes/Projects/diyrovers/APM/libraries/AP_GPS -I/home/mes/Projects/diyrovers/APM/libraries/AP_HAL -I/home/mes/Projects/diyrovers/APM/libraries/AP_HAL_AVR -I/home/mes/Projects/diyrovers/APM/libraries/AP_HAL_AVR_SITL -I/home/mes/Projects/diyrovers/APM/libraries/AP_HAL_Empty -I/home/mes/Projects/diyrovers/APM/libraries/AP_HAL_FLYMAPLE -I/home/mes/Projects/diyrovers/APM/libraries/AP_HAL_Linux -I/home/mes/Projects/diyrovers/APM/libraries/AP_HAL_PX4 -I/home/mes/Projects/diyrovers/APM/libraries/AP_HAL_RoverBaseboard -I/home/mes/Projects/diyrovers/APM/libraries/AP_InertialSensor -I/home/mes/Projects/diyrovers/APM/libraries/AP_L1_Control -I/home/mes/Projects/diyrovers/APM/libraries/AP_Math -I/home/mes/Projects/diyrovers/APM/libraries/AP_Menu -I/home/mes/Projects/diyrovers/APM/libraries/AP_Mount -I/home/mes/Projects/diyrovers/APM/libraries/AP_Navigation -I/home/mes/Projects/diyrovers/APM/libraries/AP_Notify -I/home/mes/Projects/diyrovers/APM/libraries/AP_Param -I/home/mes/Projects/diyrovers/APM/libraries/AP_Progmem -I/home/mes/Projects/diyrovers/APM/libraries/AP_RCMapper -I/home/mes/Projects/diyrovers/APM/libraries/AP_RangeFinder -I/home/mes/Projects/diyrovers/APM/libraries/AP_Relay -I/home/mes/Projects/diyrovers/APM/libraries/AP_Scheduler -I/home/mes/Projects/diyrovers/APM/libraries/AP_Vehicle -I/home/mes/Projects/diyrovers/APM/libraries/DataFlash -I/home/mes/Projects/diyrovers/APM/libraries/Filter -I/home/mes/Projects/diyrovers/APM/libraries/GCS_MAVLink -I/home/mes/Projects/diyrovers/APM/libraries/PID -I/home/mes/Projects/diyrovers/APM/libraries/RC_Channel -I/home/mes/Projects/diyrovers/APM/libraries/SITL -I/home/mes/Projects/diyrovers/APM/libraries/memcheck  
In file included from /home/mes/Projects/diyrovers/APM/libraries/GCS_MAVLink/include/mavlink/v1.0/ardupilotmega/ardupilotmega.h:26:0,
                 from /home/mes/Projects/diyrovers/APM/libraries/GCS_MAVLink/include/mavlink/v1.0/ardupilotmega/mavlink.h:25,
                 from /home/mes/Projects/diyrovers/APM/libraries/GCS_MAVLink/GCS_MAVLink.h:153,
                 from /home/mes/Projects/diyrovers/APM/libraries/AP_InertialSensor/AP_InertialSensor_UserInteract_MAVLink.h:6,
                 from /home/mes/Projects/diyrovers/APM/libraries/AP_InertialSensor/AP_InertialSensor.h:200,
                 from /home/mes/Projects/diyrovers/APM/APMrover2/APMrover2.pde:71:
/home/mes/Projects/diyrovers/APM/libraries/GCS_MAVLink/include/mavlink/v1.0/ardupilotmega/../protocol.h: In function 'uint16_t _MAV_RETURN_uint16_t(const mavlink_message_t*, uint8_t)':
/home/mes/Projects/diyrovers/APM/libraries/GCS_MAVLink/include/mavlink/v1.0/ardupilotmega/../protocol.h:267:1: warning: cast from 'const char*' to 'const uint16_t* {aka const short unsigned int*}' increases required alignment of target type [-Wcast-align]
/home/mes/Projects/diyrovers/APM/libraries/GCS_MAVLink/include/mavlink/v1.0/ardupilotmega/../protocol.h: In function 'int16_t _MAV_RETURN_int16_t(const mavlink_message_t*, uint8_t)':
/home/mes/Projects/diyrovers/APM/libraries/GCS_MAVLink/include/mavlink/v1.0/ardupilotmega/../protocol.h:268:1: warning: cast from 'const char*' to 'const int16_t* {aka const short int*}' increases required alignment of target type [-Wcast-align]
/home/mes/Projects/diyrovers/APM/libraries/GCS_MAVLink/include/mavlink/v1.0/ardupilotmega/../protocol.h: In function 'uint32_t _MAV_RETURN_uint32_t(const mavlink_message_t*, uint8_t)':
/home/mes/Projects/diyrovers/APM/libraries/GCS_MAVLink/include/mavlink/v1.0/ardupilotmega/../protocol.h:269:1: warning: cast from 'const char*' to 'const uint32_t* {aka const long unsigned int*}' increases required alignment of target type [-Wcast-align]
/home/mes/Projects/diyrovers/APM/libraries/GCS_MAVLink/include/mavlink/v1.0/ardupilotmega/../protocol.h: In function 'int32_t _MAV_RETURN_int32_t(const mavlink_message_t*, uint8_t)':
/home/mes/Projects/diyrovers/APM/libraries/GCS_MAVLink/include/mavlink/v1.0/ardupilotmega/../protocol.h:270:1: warning: cast from 'const char*' to 'const int32_t* {aka const long int*}' increases required alignment of target type [-Wcast-align]
/home/mes/Projects/diyrovers/APM/libraries/GCS_MAVLink/include/mavlink/v1.0/ardupilotmega/../protocol.h: In function 'uint64_t _MAV_RETURN_uint64_t(const mavlink_message_t*, uint8_t)':
/home/mes/Projects/diyrovers/APM/libraries/GCS_MAVLink/include/mavlink/v1.0/ardupilotmega/../protocol.h:271:1: warning: cast from 'const char*' to 'const uint64_t* {aka const long long unsigned int*}' increases required alignment of target type [-Wcast-align]
/home/mes/Projects/diyrovers/APM/libraries/GCS_MAVLink/include/mavlink/v1.0/ardupilotmega/../protocol.h: In function 'int64_t _MAV_RETURN_int64_t(const mavlink_message_t*, uint8_t)':
/home/mes/Projects/diyrovers/APM/libraries/GCS_MAVLink/include/mavlink/v1.0/ardupilotmega/../protocol.h:272:1: warning: cast from 'const char*' to 'const int64_t* {aka const long long int*}' increases required alignment of target type [-Wcast-align]
/home/mes/Projects/diyrovers/APM/libraries/GCS_MAVLink/include/mavlink/v1.0/ardupilotmega/../protocol.h: In function 'float _MAV_RETURN_float(const mavlink_message_t*, uint8_t)':
/home/mes/Projects/diyrovers/APM/libraries/GCS_MAVLink/include/mavlink/v1.0/ardupilotmega/../protocol.h:273:1: warning: cast from 'const char*' to 'const float*' increases required alignment of target type [-Wcast-align]
/home/mes/Projects/diyrovers/APM/libraries/GCS_MAVLink/include/mavlink/v1.0/ardupilotmega/../protocol.h: In function 'double _MAV_RETURN_double(const mavlink_message_t*, uint8_t)':
/home/mes/Projects/diyrovers/APM/libraries/GCS_MAVLink/include/mavlink/v1.0/ardupilotmega/../protocol.h:274:1: warning: cast from 'const char*' to 'const double*' increases required alignment of target type [-Wcast-align]
/home/mes/Projects/diyrovers/APM/APMrover2/APMrover2.pde: At global scope:
/home/mes/Projects/diyrovers/APM/APMrover2/APMrover2.pde:250:1: error: 'AP_InertialSensor_L3G4200D' does not name a type
/home/mes/Projects/diyrovers/APM/APMrover2/APMrover2.pde:257:18: error: 'ins' was not declared in this scope
/home/mes/Projects/diyrovers/APM/APMrover2/APMrover2.pde: In function 'void loop()':
/home/mes/Projects/diyrovers/APM/APMrover2/APMrover2.pde:616:10: error: 'ins' was not declared in this scope
/home/mes/Projects/diyrovers/APM/APMrover2/APMrover2.pde: In function 'void ahrs_update()':
/home/mes/Projects/diyrovers/APM/APMrover2/APMrover2.pde:656:33: error: 'ins' was not declared in this scope
/home/mes/Projects/diyrovers/APM/APMrover2/APMrover2.pde: At global scope:
/home/mes/Projects/diyrovers/APM/APMrover2/APMrover2.pde:938:14: error: expected constructor, destructor, or type conversion before ';' token
/home/mes/Projects/diyrovers/APM/APMrover2/GCS_Mavlink.pde: In function 'void send_extended_status1(mavlink_channel_t, uint16_t)':
/home/mes/Projects/diyrovers/APM/APMrover2/GCS_Mavlink.pde:164:10: error: 'ins' was not declared in this scope
/home/mes/Projects/diyrovers/APM/APMrover2/GCS_Mavlink.pde: In function 'void send_nav_controller_output(mavlink_channel_t)':
/home/mes/Projects/diyrovers/APM/APMrover2/GCS_Mavlink.pde:230:42: error: 'ins' was not declared in this scope
/home/mes/Projects/diyrovers/APM/APMrover2/GCS_Mavlink.pde: In function 'void send_raw_imu1(mavlink_channel_t)':
/home/mes/Projects/diyrovers/APM/APMrover2/GCS_Mavlink.pde:348:22: error: 'ins' was not declared in this scope
/home/mes/Projects/diyrovers/APM/APMrover2/GCS_Mavlink.pde: In function 'void send_raw_imu3(mavlink_channel_t)':
/home/mes/Projects/diyrovers/APM/APMrover2/GCS_Mavlink.pde:368:30: error: 'ins' was not declared in this scope
/home/mes/Projects/diyrovers/APM/APMrover2/Log.pde: In function 'void Log_Write_Performance()':
/home/mes/Projects/diyrovers/APM/APMrover2/Log.pde:192:28: error: 'ins' was not declared in this scope
/home/mes/Projects/diyrovers/APM/APMrover2/Log.pde: In function 'void Log_Write_Control_Tuning()':
/home/mes/Projects/diyrovers/APM/APMrover2/Log.pde:290:22: error: 'ins' was not declared in this scope
/home/mes/Projects/diyrovers/APM/APMrover2/Parameters.pde: At global scope:
/home/mes/Projects/diyrovers/APM/APMrover2/Parameters.pde:439:5: error: 'ins' was not declared in this scope
/home/mes/Projects/diyrovers/APM/APMrover2/Parameters.pde: In function 'void load_parameters()':
/home/mes/Projects/diyrovers/APM/APMrover2/Parameters.pde:514:5: error: 'ins' was not declared in this scope
/home/mes/Projects/diyrovers/APM/APMrover2/Steering.pde: In function 'bool auto_check_trigger()':
/home/mes/Projects/diyrovers/APM/APMrover2/Steering.pde:56:24: error: 'ins' was not declared in this scope
/home/mes/Projects/diyrovers/APM/APMrover2/setup.pde: In function 'int8_t setup_accel_scale(uint8_t, const Menu::arg*)':
/home/mes/Projects/diyrovers/APM/APMrover2/setup.pde:411:5: error: 'ins' was not declared in this scope
/home/mes/Projects/diyrovers/APM/APMrover2/setup.pde: In function 'int8_t setup_level(uint8_t, const Menu::arg*)':
/home/mes/Projects/diyrovers/APM/APMrover2/setup.pde:427:5: error: 'ins' was not declared in this scope
/home/mes/Projects/diyrovers/APM/APMrover2/system.pde: In function 'void startup_INS_ground(bool)':
/home/mes/Projects/diyrovers/APM/APMrover2/system.pde:350:2: error: 'ins' was not declared in this scope
/home/mes/Projects/diyrovers/APM/APMrover2/test.pde: In function 'int8_t test_ins(uint8_t, const Menu::arg*)':
/home/mes/Projects/diyrovers/APM/APMrover2/test.pde:334:2: error: 'ins' was not declared in this scope
/home/mes/Projects/diyrovers/APM/APMrover2/test.pde: In function 'int8_t test_mag(uint8_t, const Menu::arg*)':
/home/mes/Projects/diyrovers/APM/APMrover2/test.pde:392:2: error: 'ins' was not declared in this scope
autogenerated: At global scope:
autogenerated:22:23: warning: 'void send_servo_out(mavlink_channel_t)' declared 'static' but never defined [-Wunused-function]
/home/mes/Projects/diyrovers/APM/APMrover2/system.pde:481:13: warning: 'void servo_write(uint8_t, uint16_t)' defined but not used [-Wunused-function]
make: *** [/tmp/APMrover2.build/APMrover2.o] Error 1
